<?xml version="1.0" encoding="UTF-8"?>
<!-- Generated by org.testng.reporters.JUnitXMLReporter -->
<testsuite hostname="DESKTOP-9S44TPR" failures="6" tests="14" name="Test" time="1098.853" errors="0" timestamp="5 May 2022 10:43:57 GMT">
  <testcase classname="com.ranker.pom.testcases.Register" name="search" time="97.319"/>
  <testcase classname="com.ranker.pom.testcases.Login" name="login" time="115.174"/>
  <testcase classname="com.ranker.pom.testcases.Home" name="like_dislike" time="111.751"/>
  <testcase classname="com.ranker.pom.testcases.WatchList" name="watchlist" time="59.912">
    <failure type="org.openqa.selenium.NoSuchElementException" message="An element could not be located on the page using the given search parameters. (WARNING: The server did not provide any stacktrace information)
Command duration or timeout: 1.17 seconds
For documentation on this error, please visit: http://seleniumhq.org/exceptions/no_such_element.html
Build info: version: &amp;apos;2.52.0&amp;apos;, revision: &amp;apos;4c2593c&amp;apos;, time: &amp;apos;2016-02-11 19:06:42&amp;apos;
System info: host: &amp;apos;DESKTOP-9S44TPR&amp;apos;, ip: &amp;apos;192.168.1.7&amp;apos;, os.name: &amp;apos;Windows 10&amp;apos;, os.arch: &amp;apos;amd64&amp;apos;, os.version: &amp;apos;10.0&amp;apos;, java.version: &amp;apos;17.0.2&amp;apos;
Driver info: io.appium.java_client.android.AndroidDriver
Capabilities [{appPackage=app.watchworthy.twa, deviceScreenSize=1080x2408, networkConnectionEnabled=true, statBarHeight=88, warnings={}, viewportRect={top=88, left=0, width=1080, height=2138}, databaseEnabled=false, deviceName=137793349100084, platform=LINUX, deviceUDID=137793349100084, appActivity=app.watchworthy.twa.LauncherActivity, desired={appPackage=app.watchworthy.twa, appActivity=app.watchworthy.twa.LauncherActivity, platformVersion=12, udid=137793349100084, platformName=Android, deviceName=vivo T1 5G}, platformVersion=12, pixelRatio=2.75, webStorageEnabled=false, locationContextEnabled=false, takesScreenshot=true, javascriptEnabled=true, deviceScreenDensity=440, deviceModel=V2141, udid=137793349100084, platformName=Android, deviceApiLevel=31, deviceManufacturer=vivo}]
Session ID: fb21027e-67dd-45dc-b40c-9600c39c7e4c
*** Element info: {Using=xpath, value=/hierarchy/android.widget.FrameLayout/android.widget.LinearLayout/android.widget.FrameLayout/android.widget.FrameLayout/android.widget.FrameLayout/android.view.ViewGroup/android.widget.FrameLayout/android.widget.FrameLayout[2]/android.webkit.WebView/android.view.View/android.view.View/android.view.View/android.view.View/android.view.View[2]/android.view.View/android.view.View/android.view.View/android.view.View/android.view.View[3]/android.widget.TextView[2]}">
      <![CDATA[org.openqa.selenium.NoSuchElementException: An element could not be located on the page using the given search parameters. (WARNING: The server did not provide any stacktrace information)
Command duration or timeout: 1.17 seconds
For documentation on this error, please visit: http://seleniumhq.org/exceptions/no_such_element.html
Build info: version: '2.52.0', revision: '4c2593c', time: '2016-02-11 19:06:42'
System info: host: 'DESKTOP-9S44TPR', ip: '192.168.1.7', os.name: 'Windows 10', os.arch: 'amd64', os.version: '10.0', java.version: '17.0.2'
Driver info: io.appium.java_client.android.AndroidDriver
Capabilities [{appPackage=app.watchworthy.twa, deviceScreenSize=1080x2408, networkConnectionEnabled=true, statBarHeight=88, warnings={}, viewportRect={top=88, left=0, width=1080, height=2138}, databaseEnabled=false, deviceName=137793349100084, platform=LINUX, deviceUDID=137793349100084, appActivity=app.watchworthy.twa.LauncherActivity, desired={appPackage=app.watchworthy.twa, appActivity=app.watchworthy.twa.LauncherActivity, platformVersion=12, udid=137793349100084, platformName=Android, deviceName=vivo T1 5G}, platformVersion=12, pixelRatio=2.75, webStorageEnabled=false, locationContextEnabled=false, takesScreenshot=true, javascriptEnabled=true, deviceScreenDensity=440, deviceModel=V2141, udid=137793349100084, platformName=Android, deviceApiLevel=31, deviceManufacturer=vivo}]
Session ID: fb21027e-67dd-45dc-b40c-9600c39c7e4c
*** Element info: {Using=xpath, value=/hierarchy/android.widget.FrameLayout/android.widget.LinearLayout/android.widget.FrameLayout/android.widget.FrameLayout/android.widget.FrameLayout/android.view.ViewGroup/android.widget.FrameLayout/android.widget.FrameLayout[2]/android.webkit.WebView/android.view.View/android.view.View/android.view.View/android.view.View/android.view.View[2]/android.view.View/android.view.View/android.view.View/android.view.View/android.view.View[3]/android.widget.TextView[2]}
	at org.openqa.selenium.remote.ErrorHandler.createThrowable(ErrorHandler.java:206)
	at org.openqa.selenium.remote.ErrorHandler.throwIfResponseFailed(ErrorHandler.java:158)
	at org.openqa.selenium.remote.RemoteWebDriver.execute(RemoteWebDriver.java:678)
	at io.appium.java_client.DefaultGenericMobileDriver.execute(DefaultGenericMobileDriver.java:40)
	at io.appium.java_client.AppiumDriver.execute(AppiumDriver.java:1)
	at io.appium.java_client.android.AndroidDriver.execute(AndroidDriver.java:1)
	at org.openqa.selenium.remote.RemoteWebDriver.findElement(RemoteWebDriver.java:363)
	at io.appium.java_client.DefaultGenericMobileDriver.findElement(DefaultGenericMobileDriver.java:56)
	at io.appium.java_client.AppiumDriver.findElement(AppiumDriver.java:1)
	at io.appium.java_client.android.AndroidDriver.findElement(AndroidDriver.java:1)
	at org.openqa.selenium.remote.RemoteWebDriver.findElementByXPath(RemoteWebDriver.java:500)
	at io.appium.java_client.DefaultGenericMobileDriver.findElementByXPath(DefaultGenericMobileDriver.java:134)
	at io.appium.java_client.AppiumDriver.findElementByXPath(AppiumDriver.java:1)
	at io.appium.java_client.android.AndroidDriver.findElementByXPath(AndroidDriver.java:1)
	at org.openqa.selenium.By$ByXPath.findElement(By.java:361)
	at org.openqa.selenium.remote.RemoteWebDriver.findElement(RemoteWebDriver.java:355)
	at io.appium.java_client.DefaultGenericMobileDriver.findElement(DefaultGenericMobileDriver.java:52)
	at io.appium.java_client.AppiumDriver.findElement(AppiumDriver.java:1)
	at io.appium.java_client.android.AndroidDriver.findElement(AndroidDriver.java:1)
	at com.ranker.pom.pages.WatchListPage.watchlist(WatchListPage.java:25)
	at com.ranker.pom.testcases.WatchList.watchlist(WatchList.java:20)
... Removed 29 stack frames]]>
    </failure>
  </testcase> <!-- watchlist -->
  <testcase classname="com.ranker.pom.testcases.Worthy" name="worthy_like" time="114.559"/>
  <testcase classname="com.ranker.pom.testcases.Search" name="search" time="81.374">
    <failure type="java.lang.AssertionError" message="Click on element is unsucessful">
      <![CDATA[java.lang.AssertionError: Click on element is unsucessful
	at com.ranker.pom.base.BasePage.reportFailure(BasePage.java:71)
	at com.ranker.pom.base.BasePage.click(BasePage.java:86)
	at com.ranker.pom.pages.SearchPage.search(SearchPage.java:24)
	at com.ranker.pom.testcases.Search.search(Search.java:20)
... Removed 25 stack frames]]>
    </failure>
  </testcase> <!-- search -->
  <testcase classname="com.ranker.pom.testcases.Signup" name="signup" time="78.969">
    <failure type="java.lang.AssertionError" message="Click on element is unsucessful">
      <![CDATA[java.lang.AssertionError: Click on element is unsucessful
	at com.ranker.pom.base.BasePage.reportFailure(BasePage.java:71)
	at com.ranker.pom.base.BasePage.click(BasePage.java:86)
	at com.ranker.pom.pages.SignupPage.signup(SignupPage.java:20)
	at com.ranker.pom.testcases.Signup.signup(Signup.java:20)
... Removed 25 stack frames]]>
    </failure>
  </testcase> <!-- signup -->
  <testcase classname="com.ranker.pom.testcases.Signout" name="login" time="28.566">
    <failure type="java.lang.AssertionError" message="Click on element is unsucessful">
      <![CDATA[java.lang.AssertionError: Click on element is unsucessful
	at com.ranker.pom.base.BasePage.reportFailure(BasePage.java:71)
	at com.ranker.pom.base.BasePage.click(BasePage.java:86)
	at com.ranker.pom.pages.SignoutPage.signout(SignoutPage.java:19)
	at com.ranker.pom.testcases.Signout.login(Signout.java:20)
... Removed 25 stack frames]]>
    </failure>
  </testcase> <!-- login -->
  <testcase classname="com.ranker.pom.testcases.Login" name="Services" time="98.974"/>
  <testcase classname="com.ranker.pom.testcases.WatchList" name="watchlist_plus" time="57.249">
    <failure type="java.lang.AssertionError" message="expected [Parenthood] but found [Law &amp;amp; Order: Special Victims Unit]">
      <![CDATA[java.lang.AssertionError: expected [Parenthood] but found [Law & Order: Special Victims Unit]
	at com.ranker.pom.pages.WatchListPage.watchlist_plus(WatchListPage.java:40)
	at com.ranker.pom.testcases.WatchList.watchlist_plus(WatchList.java:29)
... Removed 29 stack frames]]>
    </failure>
  </testcase> <!-- watchlist_plus -->
  <testcase classname="com.ranker.pom.testcases.Worthy" name="worthy_dislike" time="91.849">
    <failure type="org.openqa.selenium.NoSuchElementException" message="An element could not be located on the page using the given search parameters. (WARNING: The server did not provide any stacktrace information)
Command duration or timeout: 486 milliseconds
For documentation on this error, please visit: http://seleniumhq.org/exceptions/no_such_element.html
Build info: version: &amp;apos;2.52.0&amp;apos;, revision: &amp;apos;4c2593c&amp;apos;, time: &amp;apos;2016-02-11 19:06:42&amp;apos;
System info: host: &amp;apos;DESKTOP-9S44TPR&amp;apos;, ip: &amp;apos;192.168.1.7&amp;apos;, os.name: &amp;apos;Windows 10&amp;apos;, os.arch: &amp;apos;amd64&amp;apos;, os.version: &amp;apos;10.0&amp;apos;, java.version: &amp;apos;17.0.2&amp;apos;
Driver info: io.appium.java_client.android.AndroidDriver
Capabilities [{appPackage=app.watchworthy.twa, deviceScreenSize=1080x2408, networkConnectionEnabled=true, statBarHeight=88, warnings={}, viewportRect={top=88, left=0, width=1080, height=2138}, databaseEnabled=false, deviceName=137793349100084, platform=LINUX, deviceUDID=137793349100084, appActivity=app.watchworthy.twa.LauncherActivity, desired={appPackage=app.watchworthy.twa, appActivity=app.watchworthy.twa.LauncherActivity, platformVersion=12, udid=137793349100084, platformName=Android, deviceName=vivo T1 5G}, platformVersion=12, pixelRatio=2.75, webStorageEnabled=false, locationContextEnabled=false, takesScreenshot=true, javascriptEnabled=true, deviceScreenDensity=440, deviceModel=V2141, udid=137793349100084, platformName=Android, deviceApiLevel=31, deviceManufacturer=vivo}]
Session ID: f700707b-60da-4c3e-8f56-908eac19d090
*** Element info: {Using=xpath, value=/hierarchy/android.widget.FrameLayout/android.widget.LinearLayout/android.widget.FrameLayout/android.widget.FrameLayout/android.widget.FrameLayout/android.view.ViewGroup/android.widget.FrameLayout/android.widget.FrameLayout[2]/android.webkit.WebView/android.view.View/android.view.View/android.view.View/android.view.View[3]/android.view.View/android.view.View/android.view.View/android.view.View[4]/android.view.View/android.widget.ListView/android.view.View[2]/android.view.View/android.view.View/android.view.View/android.widget.TextView[3]}">
      <![CDATA[org.openqa.selenium.NoSuchElementException: An element could not be located on the page using the given search parameters. (WARNING: The server did not provide any stacktrace information)
Command duration or timeout: 486 milliseconds
For documentation on this error, please visit: http://seleniumhq.org/exceptions/no_such_element.html
Build info: version: '2.52.0', revision: '4c2593c', time: '2016-02-11 19:06:42'
System info: host: 'DESKTOP-9S44TPR', ip: '192.168.1.7', os.name: 'Windows 10', os.arch: 'amd64', os.version: '10.0', java.version: '17.0.2'
Driver info: io.appium.java_client.android.AndroidDriver
Capabilities [{appPackage=app.watchworthy.twa, deviceScreenSize=1080x2408, networkConnectionEnabled=true, statBarHeight=88, warnings={}, viewportRect={top=88, left=0, width=1080, height=2138}, databaseEnabled=false, deviceName=137793349100084, platform=LINUX, deviceUDID=137793349100084, appActivity=app.watchworthy.twa.LauncherActivity, desired={appPackage=app.watchworthy.twa, appActivity=app.watchworthy.twa.LauncherActivity, platformVersion=12, udid=137793349100084, platformName=Android, deviceName=vivo T1 5G}, platformVersion=12, pixelRatio=2.75, webStorageEnabled=false, locationContextEnabled=false, takesScreenshot=true, javascriptEnabled=true, deviceScreenDensity=440, deviceModel=V2141, udid=137793349100084, platformName=Android, deviceApiLevel=31, deviceManufacturer=vivo}]
Session ID: f700707b-60da-4c3e-8f56-908eac19d090
*** Element info: {Using=xpath, value=/hierarchy/android.widget.FrameLayout/android.widget.LinearLayout/android.widget.FrameLayout/android.widget.FrameLayout/android.widget.FrameLayout/android.view.ViewGroup/android.widget.FrameLayout/android.widget.FrameLayout[2]/android.webkit.WebView/android.view.View/android.view.View/android.view.View/android.view.View[3]/android.view.View/android.view.View/android.view.View/android.view.View[4]/android.view.View/android.widget.ListView/android.view.View[2]/android.view.View/android.view.View/android.view.View/android.widget.TextView[3]}
	at org.openqa.selenium.remote.ErrorHandler.createThrowable(ErrorHandler.java:206)
	at org.openqa.selenium.remote.ErrorHandler.throwIfResponseFailed(ErrorHandler.java:158)
	at org.openqa.selenium.remote.RemoteWebDriver.execute(RemoteWebDriver.java:678)
	at io.appium.java_client.DefaultGenericMobileDriver.execute(DefaultGenericMobileDriver.java:40)
	at io.appium.java_client.AppiumDriver.execute(AppiumDriver.java:1)
	at io.appium.java_client.android.AndroidDriver.execute(AndroidDriver.java:1)
	at org.openqa.selenium.remote.RemoteWebDriver.findElement(RemoteWebDriver.java:363)
	at io.appium.java_client.DefaultGenericMobileDriver.findElement(DefaultGenericMobileDriver.java:56)
	at io.appium.java_client.AppiumDriver.findElement(AppiumDriver.java:1)
	at io.appium.java_client.android.AndroidDriver.findElement(AndroidDriver.java:1)
	at org.openqa.selenium.remote.RemoteWebDriver.findElementByXPath(RemoteWebDriver.java:500)
	at io.appium.java_client.DefaultGenericMobileDriver.findElementByXPath(DefaultGenericMobileDriver.java:134)
	at io.appium.java_client.AppiumDriver.findElementByXPath(AppiumDriver.java:1)
	at io.appium.java_client.android.AndroidDriver.findElementByXPath(AndroidDriver.java:1)
	at org.openqa.selenium.By$ByXPath.findElement(By.java:361)
	at org.openqa.selenium.remote.RemoteWebDriver.findElement(RemoteWebDriver.java:355)
	at io.appium.java_client.DefaultGenericMobileDriver.findElement(DefaultGenericMobileDriver.java:52)
	at io.appium.java_client.AppiumDriver.findElement(AppiumDriver.java:1)
	at io.appium.java_client.android.AndroidDriver.findElement(AndroidDriver.java:1)
	at com.ranker.pom.pages.WorthyPage.worthy_dislike(WorthyPage.java:47)
	at com.ranker.pom.testcases.Worthy.worthy_dislike(Worthy.java:30)
... Removed 29 stack frames]]>
    </failure>
  </testcase> <!-- worthy_dislike -->
  <testcase classname="com.ranker.pom.testcases.WatchList" name="watchlist_right" time="68.722"/>
  <testcase classname="com.ranker.pom.testcases.Worthy" name="worthy_view" time="39.034"/>
  <testcase classname="com.ranker.pom.testcases.Worthy" name="worthy_episode" time="44.978"/>
</testsuite> <!-- Test -->
